-------------------------------------------------------------------------------
Test set: com.Bob_r.controller.CustomerControllerTest
-------------------------------------------------------------------------------
Tests run: 4, Failures: 0, Errors: 4, Skipped: 0, Time elapsed: 3.213 s <<< FAILURE! - in com.Bob_r.controller.CustomerControllerTest
getCustomerList  Time elapsed: 0 s  <<< ERROR!
java.lang.IllegalStateException: Failed to load ApplicationContext
Caused by: org.springframework.beans.factory.UnsatisfiedDependencyException: Error creating bean with name 'orderController' defined in file [/Users/rikhsiboevgmail.com/IdeaProjects/java-version-updates/Bob_R/Bob_R/spring-labs/lab-08-rest/target/classes/com/Bob_r/controller/OrderController.class]: Unsatisfied dependency expressed through constructor parameter 0; nested exception is org.springframework.beans.factory.UnsatisfiedDependencyException: Error creating bean with name 'orderServiceImpl' defined in file [/Users/rikhsiboevgmail.com/IdeaProjects/java-version-updates/Bob_R/Bob_R/spring-labs/lab-08-rest/target/classes/com/Bob_r/service/serviceIMP/OrderServiceImpl.class]: Unsatisfied dependency expressed through constructor parameter 5; nested exception is org.springframework.beans.factory.NoSuchBeanDefinitionException: No qualifying bean of type 'com.Bob_r.client.CurrencyApiClient' available: expected at least 1 bean which qualifies as autowire candidate. Dependency annotations: {}
Caused by: org.springframework.beans.factory.UnsatisfiedDependencyException: Error creating bean with name 'orderServiceImpl' defined in file [/Users/rikhsiboevgmail.com/IdeaProjects/java-version-updates/Bob_R/Bob_R/spring-labs/lab-08-rest/target/classes/com/Bob_r/service/serviceIMP/OrderServiceImpl.class]: Unsatisfied dependency expressed through constructor parameter 5; nested exception is org.springframework.beans.factory.NoSuchBeanDefinitionException: No qualifying bean of type 'com.Bob_r.client.CurrencyApiClient' available: expected at least 1 bean which qualifies as autowire candidate. Dependency annotations: {}
Caused by: org.springframework.beans.factory.NoSuchBeanDefinitionException: No qualifying bean of type 'com.Bob_r.client.CurrencyApiClient' available: expected at least 1 bean which qualifies as autowire candidate. Dependency annotations: {}

updateCustomer  Time elapsed: 0 s  <<< ERROR!
java.lang.IllegalStateException: Failed to load ApplicationContext
Caused by: org.springframework.beans.factory.UnsatisfiedDependencyException: Error creating bean with name 'orderController' defined in file [/Users/rikhsiboevgmail.com/IdeaProjects/java-version-updates/Bob_R/Bob_R/spring-labs/lab-08-rest/target/classes/com/Bob_r/controller/OrderController.class]: Unsatisfied dependency expressed through constructor parameter 0; nested exception is org.springframework.beans.factory.UnsatisfiedDependencyException: Error creating bean with name 'orderServiceImpl' defined in file [/Users/rikhsiboevgmail.com/IdeaProjects/java-version-updates/Bob_R/Bob_R/spring-labs/lab-08-rest/target/classes/com/Bob_r/service/serviceIMP/OrderServiceImpl.class]: Unsatisfied dependency expressed through constructor parameter 5; nested exception is org.springframework.beans.factory.NoSuchBeanDefinitionException: No qualifying bean of type 'com.Bob_r.client.CurrencyApiClient' available: expected at least 1 bean which qualifies as autowire candidate. Dependency annotations: {}
Caused by: org.springframework.beans.factory.UnsatisfiedDependencyException: Error creating bean with name 'orderServiceImpl' defined in file [/Users/rikhsiboevgmail.com/IdeaProjects/java-version-updates/Bob_R/Bob_R/spring-labs/lab-08-rest/target/classes/com/Bob_r/service/serviceIMP/OrderServiceImpl.class]: Unsatisfied dependency expressed through constructor parameter 5; nested exception is org.springframework.beans.factory.NoSuchBeanDefinitionException: No qualifying bean of type 'com.Bob_r.client.CurrencyApiClient' available: expected at least 1 bean which qualifies as autowire candidate. Dependency annotations: {}
Caused by: org.springframework.beans.factory.NoSuchBeanDefinitionException: No qualifying bean of type 'com.Bob_r.client.CurrencyApiClient' available: expected at least 1 bean which qualifies as autowire candidate. Dependency annotations: {}

createCustomer  Time elapsed: 0 s  <<< ERROR!
java.lang.IllegalStateException: Failed to load ApplicationContext
Caused by: org.springframework.beans.factory.UnsatisfiedDependencyException: Error creating bean with name 'orderController' defined in file [/Users/rikhsiboevgmail.com/IdeaProjects/java-version-updates/Bob_R/Bob_R/spring-labs/lab-08-rest/target/classes/com/Bob_r/controller/OrderController.class]: Unsatisfied dependency expressed through constructor parameter 0; nested exception is org.springframework.beans.factory.UnsatisfiedDependencyException: Error creating bean with name 'orderServiceImpl' defined in file [/Users/rikhsiboevgmail.com/IdeaProjects/java-version-updates/Bob_R/Bob_R/spring-labs/lab-08-rest/target/classes/com/Bob_r/service/serviceIMP/OrderServiceImpl.class]: Unsatisfied dependency expressed through constructor parameter 5; nested exception is org.springframework.beans.factory.NoSuchBeanDefinitionException: No qualifying bean of type 'com.Bob_r.client.CurrencyApiClient' available: expected at least 1 bean which qualifies as autowire candidate. Dependency annotations: {}
Caused by: org.springframework.beans.factory.UnsatisfiedDependencyException: Error creating bean with name 'orderServiceImpl' defined in file [/Users/rikhsiboevgmail.com/IdeaProjects/java-version-updates/Bob_R/Bob_R/spring-labs/lab-08-rest/target/classes/com/Bob_r/service/serviceIMP/OrderServiceImpl.class]: Unsatisfied dependency expressed through constructor parameter 5; nested exception is org.springframework.beans.factory.NoSuchBeanDefinitionException: No qualifying bean of type 'com.Bob_r.client.CurrencyApiClient' available: expected at least 1 bean which qualifies as autowire candidate. Dependency annotations: {}
Caused by: org.springframework.beans.factory.NoSuchBeanDefinitionException: No qualifying bean of type 'com.Bob_r.client.CurrencyApiClient' available: expected at least 1 bean which qualifies as autowire candidate. Dependency annotations: {}

getCustomerListByEmail  Time elapsed: 0 s  <<< ERROR!
java.lang.IllegalStateException: Failed to load ApplicationContext
Caused by: org.springframework.beans.factory.UnsatisfiedDependencyException: Error creating bean with name 'orderController' defined in file [/Users/rikhsiboevgmail.com/IdeaProjects/java-version-updates/Bob_R/Bob_R/spring-labs/lab-08-rest/target/classes/com/Bob_r/controller/OrderController.class]: Unsatisfied dependency expressed through constructor parameter 0; nested exception is org.springframework.beans.factory.UnsatisfiedDependencyException: Error creating bean with name 'orderServiceImpl' defined in file [/Users/rikhsiboevgmail.com/IdeaProjects/java-version-updates/Bob_R/Bob_R/spring-labs/lab-08-rest/target/classes/com/Bob_r/service/serviceIMP/OrderServiceImpl.class]: Unsatisfied dependency expressed through constructor parameter 5; nested exception is org.springframework.beans.factory.NoSuchBeanDefinitionException: No qualifying bean of type 'com.Bob_r.client.CurrencyApiClient' available: expected at least 1 bean which qualifies as autowire candidate. Dependency annotations: {}
Caused by: org.springframework.beans.factory.UnsatisfiedDependencyException: Error creating bean with name 'orderServiceImpl' defined in file [/Users/rikhsiboevgmail.com/IdeaProjects/java-version-updates/Bob_R/Bob_R/spring-labs/lab-08-rest/target/classes/com/Bob_r/service/serviceIMP/OrderServiceImpl.class]: Unsatisfied dependency expressed through constructor parameter 5; nested exception is org.springframework.beans.factory.NoSuchBeanDefinitionException: No qualifying bean of type 'com.Bob_r.client.CurrencyApiClient' available: expected at least 1 bean which qualifies as autowire candidate. Dependency annotations: {}
Caused by: org.springframework.beans.factory.NoSuchBeanDefinitionException: No qualifying bean of type 'com.Bob_r.client.CurrencyApiClient' available: expected at least 1 bean which qualifies as autowire candidate. Dependency annotations: {}

