-------------------------------------------------------------------------------
Test set: com.Bob_r.controller.ProductControllerTest
-------------------------------------------------------------------------------
Tests run: 8, Failures: 0, Errors: 8, Skipped: 0, Time elapsed: 5.713 s <<< FAILURE! - in com.Bob_r.controller.ProductControllerTest
getProductList  Time elapsed: 0 s  <<< ERROR!
java.lang.IllegalStateException: Failed to load ApplicationContext
Caused by: org.springframework.beans.factory.UnsatisfiedDependencyException: Error creating bean with name 'orderController' defined in file [/Users/rikhsiboevgmail.com/IdeaProjects/java-version-updates/Bob_R/Bob_R/spring-labs/lab-08-rest/target/classes/com/Bob_r/controller/OrderController.class]: Unsatisfied dependency expressed through constructor parameter 0; nested exception is org.springframework.beans.factory.UnsatisfiedDependencyException: Error creating bean with name 'orderServiceImpl' defined in file [/Users/rikhsiboevgmail.com/IdeaProjects/java-version-updates/Bob_R/Bob_R/spring-labs/lab-08-rest/target/classes/com/Bob_r/service/serviceIMP/OrderServiceImpl.class]: Unsatisfied dependency expressed through constructor parameter 5; nested exception is org.springframework.beans.factory.NoSuchBeanDefinitionException: No qualifying bean of type 'com.Bob_r.client.CurrencyApiClient' available: expected at least 1 bean which qualifies as autowire candidate. Dependency annotations: {}
Caused by: org.springframework.beans.factory.UnsatisfiedDependencyException: Error creating bean with name 'orderServiceImpl' defined in file [/Users/rikhsiboevgmail.com/IdeaProjects/java-version-updates/Bob_R/Bob_R/spring-labs/lab-08-rest/target/classes/com/Bob_r/service/serviceIMP/OrderServiceImpl.class]: Unsatisfied dependency expressed through constructor parameter 5; nested exception is org.springframework.beans.factory.NoSuchBeanDefinitionException: No qualifying bean of type 'com.Bob_r.client.CurrencyApiClient' available: expected at least 1 bean which qualifies as autowire candidate. Dependency annotations: {}
Caused by: org.springframework.beans.factory.NoSuchBeanDefinitionException: No qualifying bean of type 'com.Bob_r.client.CurrencyApiClient' available: expected at least 1 bean which qualifies as autowire candidate. Dependency annotations: {}

getProductListByPriceAndQuantity  Time elapsed: 0.001 s  <<< ERROR!
java.lang.IllegalStateException: Failed to load ApplicationContext
Caused by: org.springframework.beans.factory.UnsatisfiedDependencyException: Error creating bean with name 'orderController' defined in file [/Users/rikhsiboevgmail.com/IdeaProjects/java-version-updates/Bob_R/Bob_R/spring-labs/lab-08-rest/target/classes/com/Bob_r/controller/OrderController.class]: Unsatisfied dependency expressed through constructor parameter 0; nested exception is org.springframework.beans.factory.UnsatisfiedDependencyException: Error creating bean with name 'orderServiceImpl' defined in file [/Users/rikhsiboevgmail.com/IdeaProjects/java-version-updates/Bob_R/Bob_R/spring-labs/lab-08-rest/target/classes/com/Bob_r/service/serviceIMP/OrderServiceImpl.class]: Unsatisfied dependency expressed through constructor parameter 5; nested exception is org.springframework.beans.factory.NoSuchBeanDefinitionException: No qualifying bean of type 'com.Bob_r.client.CurrencyApiClient' available: expected at least 1 bean which qualifies as autowire candidate. Dependency annotations: {}
Caused by: org.springframework.beans.factory.UnsatisfiedDependencyException: Error creating bean with name 'orderServiceImpl' defined in file [/Users/rikhsiboevgmail.com/IdeaProjects/java-version-updates/Bob_R/Bob_R/spring-labs/lab-08-rest/target/classes/com/Bob_r/service/serviceIMP/OrderServiceImpl.class]: Unsatisfied dependency expressed through constructor parameter 5; nested exception is org.springframework.beans.factory.NoSuchBeanDefinitionException: No qualifying bean of type 'com.Bob_r.client.CurrencyApiClient' available: expected at least 1 bean which qualifies as autowire candidate. Dependency annotations: {}
Caused by: org.springframework.beans.factory.NoSuchBeanDefinitionException: No qualifying bean of type 'com.Bob_r.client.CurrencyApiClient' available: expected at least 1 bean which qualifies as autowire candidate. Dependency annotations: {}

updateProduct  Time elapsed: 0 s  <<< ERROR!
java.lang.IllegalStateException: Failed to load ApplicationContext
Caused by: org.springframework.beans.factory.UnsatisfiedDependencyException: Error creating bean with name 'orderController' defined in file [/Users/rikhsiboevgmail.com/IdeaProjects/java-version-updates/Bob_R/Bob_R/spring-labs/lab-08-rest/target/classes/com/Bob_r/controller/OrderController.class]: Unsatisfied dependency expressed through constructor parameter 0; nested exception is org.springframework.beans.factory.UnsatisfiedDependencyException: Error creating bean with name 'orderServiceImpl' defined in file [/Users/rikhsiboevgmail.com/IdeaProjects/java-version-updates/Bob_R/Bob_R/spring-labs/lab-08-rest/target/classes/com/Bob_r/service/serviceIMP/OrderServiceImpl.class]: Unsatisfied dependency expressed through constructor parameter 5; nested exception is org.springframework.beans.factory.NoSuchBeanDefinitionException: No qualifying bean of type 'com.Bob_r.client.CurrencyApiClient' available: expected at least 1 bean which qualifies as autowire candidate. Dependency annotations: {}
Caused by: org.springframework.beans.factory.UnsatisfiedDependencyException: Error creating bean with name 'orderServiceImpl' defined in file [/Users/rikhsiboevgmail.com/IdeaProjects/java-version-updates/Bob_R/Bob_R/spring-labs/lab-08-rest/target/classes/com/Bob_r/service/serviceIMP/OrderServiceImpl.class]: Unsatisfied dependency expressed through constructor parameter 5; nested exception is org.springframework.beans.factory.NoSuchBeanDefinitionException: No qualifying bean of type 'com.Bob_r.client.CurrencyApiClient' available: expected at least 1 bean which qualifies as autowire candidate. Dependency annotations: {}
Caused by: org.springframework.beans.factory.NoSuchBeanDefinitionException: No qualifying bean of type 'com.Bob_r.client.CurrencyApiClient' available: expected at least 1 bean which qualifies as autowire candidate. Dependency annotations: {}

getProductListByName  Time elapsed: 0 s  <<< ERROR!
java.lang.IllegalStateException: Failed to load ApplicationContext
Caused by: org.springframework.beans.factory.UnsatisfiedDependencyException: Error creating bean with name 'orderController' defined in file [/Users/rikhsiboevgmail.com/IdeaProjects/java-version-updates/Bob_R/Bob_R/spring-labs/lab-08-rest/target/classes/com/Bob_r/controller/OrderController.class]: Unsatisfied dependency expressed through constructor parameter 0; nested exception is org.springframework.beans.factory.UnsatisfiedDependencyException: Error creating bean with name 'orderServiceImpl' defined in file [/Users/rikhsiboevgmail.com/IdeaProjects/java-version-updates/Bob_R/Bob_R/spring-labs/lab-08-rest/target/classes/com/Bob_r/service/serviceIMP/OrderServiceImpl.class]: Unsatisfied dependency expressed through constructor parameter 5; nested exception is org.springframework.beans.factory.NoSuchBeanDefinitionException: No qualifying bean of type 'com.Bob_r.client.CurrencyApiClient' available: expected at least 1 bean which qualifies as autowire candidate. Dependency annotations: {}
Caused by: org.springframework.beans.factory.UnsatisfiedDependencyException: Error creating bean with name 'orderServiceImpl' defined in file [/Users/rikhsiboevgmail.com/IdeaProjects/java-version-updates/Bob_R/Bob_R/spring-labs/lab-08-rest/target/classes/com/Bob_r/service/serviceIMP/OrderServiceImpl.class]: Unsatisfied dependency expressed through constructor parameter 5; nested exception is org.springframework.beans.factory.NoSuchBeanDefinitionException: No qualifying bean of type 'com.Bob_r.client.CurrencyApiClient' available: expected at least 1 bean which qualifies as autowire candidate. Dependency annotations: {}
Caused by: org.springframework.beans.factory.NoSuchBeanDefinitionException: No qualifying bean of type 'com.Bob_r.client.CurrencyApiClient' available: expected at least 1 bean which qualifies as autowire candidate. Dependency annotations: {}

getProductListByCategory  Time elapsed: 0.001 s  <<< ERROR!
java.lang.IllegalStateException: Failed to load ApplicationContext
Caused by: org.springframework.beans.factory.UnsatisfiedDependencyException: Error creating bean with name 'orderController' defined in file [/Users/rikhsiboevgmail.com/IdeaProjects/java-version-updates/Bob_R/Bob_R/spring-labs/lab-08-rest/target/classes/com/Bob_r/controller/OrderController.class]: Unsatisfied dependency expressed through constructor parameter 0; nested exception is org.springframework.beans.factory.UnsatisfiedDependencyException: Error creating bean with name 'orderServiceImpl' defined in file [/Users/rikhsiboevgmail.com/IdeaProjects/java-version-updates/Bob_R/Bob_R/spring-labs/lab-08-rest/target/classes/com/Bob_r/service/serviceIMP/OrderServiceImpl.class]: Unsatisfied dependency expressed through constructor parameter 5; nested exception is org.springframework.beans.factory.NoSuchBeanDefinitionException: No qualifying bean of type 'com.Bob_r.client.CurrencyApiClient' available: expected at least 1 bean which qualifies as autowire candidate. Dependency annotations: {}
Caused by: org.springframework.beans.factory.UnsatisfiedDependencyException: Error creating bean with name 'orderServiceImpl' defined in file [/Users/rikhsiboevgmail.com/IdeaProjects/java-version-updates/Bob_R/Bob_R/spring-labs/lab-08-rest/target/classes/com/Bob_r/service/serviceIMP/OrderServiceImpl.class]: Unsatisfied dependency expressed through constructor parameter 5; nested exception is org.springframework.beans.factory.NoSuchBeanDefinitionException: No qualifying bean of type 'com.Bob_r.client.CurrencyApiClient' available: expected at least 1 bean which qualifies as autowire candidate. Dependency annotations: {}
Caused by: org.springframework.beans.factory.NoSuchBeanDefinitionException: No qualifying bean of type 'com.Bob_r.client.CurrencyApiClient' available: expected at least 1 bean which qualifies as autowire candidate. Dependency annotations: {}

getProductListByPrice  Time elapsed: 0 s  <<< ERROR!
java.lang.IllegalStateException: Failed to load ApplicationContext
Caused by: org.springframework.beans.factory.UnsatisfiedDependencyException: Error creating bean with name 'orderController' defined in file [/Users/rikhsiboevgmail.com/IdeaProjects/java-version-updates/Bob_R/Bob_R/spring-labs/lab-08-rest/target/classes/com/Bob_r/controller/OrderController.class]: Unsatisfied dependency expressed through constructor parameter 0; nested exception is org.springframework.beans.factory.UnsatisfiedDependencyException: Error creating bean with name 'orderServiceImpl' defined in file [/Users/rikhsiboevgmail.com/IdeaProjects/java-version-updates/Bob_R/Bob_R/spring-labs/lab-08-rest/target/classes/com/Bob_r/service/serviceIMP/OrderServiceImpl.class]: Unsatisfied dependency expressed through constructor parameter 5; nested exception is org.springframework.beans.factory.NoSuchBeanDefinitionException: No qualifying bean of type 'com.Bob_r.client.CurrencyApiClient' available: expected at least 1 bean which qualifies as autowire candidate. Dependency annotations: {}
Caused by: org.springframework.beans.factory.UnsatisfiedDependencyException: Error creating bean with name 'orderServiceImpl' defined in file [/Users/rikhsiboevgmail.com/IdeaProjects/java-version-updates/Bob_R/Bob_R/spring-labs/lab-08-rest/target/classes/com/Bob_r/service/serviceIMP/OrderServiceImpl.class]: Unsatisfied dependency expressed through constructor parameter 5; nested exception is org.springframework.beans.factory.NoSuchBeanDefinitionException: No qualifying bean of type 'com.Bob_r.client.CurrencyApiClient' available: expected at least 1 bean which qualifies as autowire candidate. Dependency annotations: {}
Caused by: org.springframework.beans.factory.NoSuchBeanDefinitionException: No qualifying bean of type 'com.Bob_r.client.CurrencyApiClient' available: expected at least 1 bean which qualifies as autowire candidate. Dependency annotations: {}

createProduct  Time elapsed: 0 s  <<< ERROR!
java.lang.IllegalStateException: Failed to load ApplicationContext
Caused by: org.springframework.beans.factory.UnsatisfiedDependencyException: Error creating bean with name 'orderController' defined in file [/Users/rikhsiboevgmail.com/IdeaProjects/java-version-updates/Bob_R/Bob_R/spring-labs/lab-08-rest/target/classes/com/Bob_r/controller/OrderController.class]: Unsatisfied dependency expressed through constructor parameter 0; nested exception is org.springframework.beans.factory.UnsatisfiedDependencyException: Error creating bean with name 'orderServiceImpl' defined in file [/Users/rikhsiboevgmail.com/IdeaProjects/java-version-updates/Bob_R/Bob_R/spring-labs/lab-08-rest/target/classes/com/Bob_r/service/serviceIMP/OrderServiceImpl.class]: Unsatisfied dependency expressed through constructor parameter 5; nested exception is org.springframework.beans.factory.NoSuchBeanDefinitionException: No qualifying bean of type 'com.Bob_r.client.CurrencyApiClient' available: expected at least 1 bean which qualifies as autowire candidate. Dependency annotations: {}
Caused by: org.springframework.beans.factory.UnsatisfiedDependencyException: Error creating bean with name 'orderServiceImpl' defined in file [/Users/rikhsiboevgmail.com/IdeaProjects/java-version-updates/Bob_R/Bob_R/spring-labs/lab-08-rest/target/classes/com/Bob_r/service/serviceIMP/OrderServiceImpl.class]: Unsatisfied dependency expressed through constructor parameter 5; nested exception is org.springframework.beans.factory.NoSuchBeanDefinitionException: No qualifying bean of type 'com.Bob_r.client.CurrencyApiClient' available: expected at least 1 bean which qualifies as autowire candidate. Dependency annotations: {}
Caused by: org.springframework.beans.factory.NoSuchBeanDefinitionException: No qualifying bean of type 'com.Bob_r.client.CurrencyApiClient' available: expected at least 1 bean which qualifies as autowire candidate. Dependency annotations: {}

getTop3ProductList  Time elapsed: 0 s  <<< ERROR!
java.lang.IllegalStateException: Failed to load ApplicationContext
Caused by: org.springframework.beans.factory.UnsatisfiedDependencyException: Error creating bean with name 'orderController' defined in file [/Users/rikhsiboevgmail.com/IdeaProjects/java-version-updates/Bob_R/Bob_R/spring-labs/lab-08-rest/target/classes/com/Bob_r/controller/OrderController.class]: Unsatisfied dependency expressed through constructor parameter 0; nested exception is org.springframework.beans.factory.UnsatisfiedDependencyException: Error creating bean with name 'orderServiceImpl' defined in file [/Users/rikhsiboevgmail.com/IdeaProjects/java-version-updates/Bob_R/Bob_R/spring-labs/lab-08-rest/target/classes/com/Bob_r/service/serviceIMP/OrderServiceImpl.class]: Unsatisfied dependency expressed through constructor parameter 5; nested exception is org.springframework.beans.factory.NoSuchBeanDefinitionException: No qualifying bean of type 'com.Bob_r.client.CurrencyApiClient' available: expected at least 1 bean which qualifies as autowire candidate. Dependency annotations: {}
Caused by: org.springframework.beans.factory.UnsatisfiedDependencyException: Error creating bean with name 'orderServiceImpl' defined in file [/Users/rikhsiboevgmail.com/IdeaProjects/java-version-updates/Bob_R/Bob_R/spring-labs/lab-08-rest/target/classes/com/Bob_r/service/serviceIMP/OrderServiceImpl.class]: Unsatisfied dependency expressed through constructor parameter 5; nested exception is org.springframework.beans.factory.NoSuchBeanDefinitionException: No qualifying bean of type 'com.Bob_r.client.CurrencyApiClient' available: expected at least 1 bean which qualifies as autowire candidate. Dependency annotations: {}
Caused by: org.springframework.beans.factory.NoSuchBeanDefinitionException: No qualifying bean of type 'com.Bob_r.client.CurrencyApiClient' available: expected at least 1 bean which qualifies as autowire candidate. Dependency annotations: {}

